[09-Mar-2020 10:24:48 UTC] PHP Warning:  chmod(): No such file or directory in /var/www/filmypaathshaala.com/wp-admin/includes/class-wp-filesystem-direct.php on line 168
[09-Mar-2020 10:24:48 UTC] PHP Warning:  chmod(): No such file or directory in /var/www/filmypaathshaala.com/wp-admin/includes/class-wp-filesystem-direct.php on line 168
[09-Mar-2020 10:24:48 UTC] PHP Warning:  chmod(): No such file or directory in /var/www/filmypaathshaala.com/wp-admin/includes/class-wp-filesystem-direct.php on line 168
[09-Mar-2020 10:24:48 UTC] PHP Warning:  chmod(): No such file or directory in /var/www/filmypaathshaala.com/wp-admin/includes/class-wp-filesystem-direct.php on line 168
[09-Mar-2020 10:24:48 UTC] PHP Warning:  chmod(): No such file or directory in /var/www/filmypaathshaala.com/wp-admin/includes/class-wp-filesystem-direct.php on line 168
[09-Mar-2020 10:24:48 UTC] PHP Warning:  chmod(): No such file or directory in /var/www/filmypaathshaala.com/wp-admin/includes/class-wp-filesystem-direct.php on line 168
[09-Mar-2020 10:24:48 UTC] PHP Warning:  chmod(): No such file or directory in /var/www/filmypaathshaala.com/wp-admin/includes/class-wp-filesystem-direct.php on line 168
[09-Mar-2020 10:24:48 UTC] PHP Warning:  chmod(): No such file or directory in /var/www/filmypaathshaala.com/wp-admin/includes/class-wp-filesystem-direct.php on line 168
[09-Mar-2020 10:24:48 UTC] PHP Warning:  chmod(): No such file or directory in /var/www/filmypaathshaala.com/wp-admin/includes/class-wp-filesystem-direct.php on line 168
[09-Mar-2020 10:24:48 UTC] PHP Warning:  chmod(): No such file or directory in /var/www/filmypaathshaala.com/wp-admin/includes/class-wp-filesystem-direct.php on line 168
[09-Mar-2020 10:24:48 UTC] PHP Warning:  chmod(): No such file or directory in /var/www/filmypaathshaala.com/wp-admin/includes/class-wp-filesystem-direct.php on line 168
[09-Mar-2020 10:24:48 UTC] PHP Warning:  chmod(): No such file or directory in /var/www/filmypaathshaala.com/wp-admin/includes/class-wp-filesystem-direct.php on line 168
[09-Mar-2020 10:24:48 UTC] PHP Warning:  chmod(): No such file or directory in /var/www/filmypaathshaala.com/wp-admin/includes/class-wp-filesystem-direct.php on line 168
[09-Mar-2020 10:24:48 UTC] PHP Warning:  chmod(): No such file or directory in /var/www/filmypaathshaala.com/wp-admin/includes/class-wp-filesystem-direct.php on line 168
[09-Mar-2020 10:24:48 UTC] PHP Warning:  chmod(): No such file or directory in /var/www/filmypaathshaala.com/wp-admin/includes/class-wp-filesystem-direct.php on line 168
[09-Mar-2020 10:24:48 UTC] PHP Warning:  chmod(): No such file or directory in /var/www/filmypaathshaala.com/wp-admin/includes/class-wp-filesystem-direct.php on line 168
[09-Mar-2020 10:24:48 UTC] PHP Warning:  chmod(): No such file or directory in /var/www/filmypaathshaala.com/wp-admin/includes/class-wp-filesystem-direct.php on line 168
[09-Mar-2020 10:24:48 UTC] PHP Warning:  chmod(): No such file or directory in /var/www/filmypaathshaala.com/wp-admin/includes/class-wp-filesystem-direct.php on line 168
[09-Mar-2020 10:24:48 UTC] PHP Warning:  chmod(): No such file or directory in /var/www/filmypaathshaala.com/wp-admin/includes/class-wp-filesystem-direct.php on line 168
[09-Mar-2020 10:24:48 UTC] PHP Warning:  chmod(): No such file or directory in /var/www/filmypaathshaala.com/wp-admin/includes/class-wp-filesystem-direct.php on line 168
[09-Mar-2020 10:24:48 UTC] PHP Warning:  chmod(): No such file or directory in /var/www/filmypaathshaala.com/wp-admin/includes/class-wp-filesystem-direct.php on line 168
[09-Mar-2020 10:24:48 UTC] PHP Warning:  chmod(): No such file or directory in /var/www/filmypaathshaala.com/wp-admin/includes/class-wp-filesystem-direct.php on line 168
[09-Mar-2020 10:24:48 UTC] PHP Warning:  chmod(): No such file or directory in /var/www/filmypaathshaala.com/wp-admin/includes/class-wp-filesystem-direct.php on line 168
[09-Mar-2020 10:24:48 UTC] PHP Warning:  chmod(): No such file or directory in /var/www/filmypaathshaala.com/wp-admin/includes/class-wp-filesystem-direct.php on line 168
[09-Mar-2020 10:24:48 UTC] PHP Warning:  chmod(): No such file or directory in /var/www/filmypaathshaala.com/wp-admin/includes/class-wp-filesystem-direct.php on line 168
[09-Mar-2020 10:24:48 UTC] PHP Warning:  chmod(): Permission denied in /var/www/filmypaathshaala.com/wp-admin/includes/class-wp-filesystem-direct.php on line 168
[09-Mar-2020 10:24:48 UTC] PHP Warning:  chmod(): No such file or directory in /var/www/filmypaathshaala.com/wp-admin/includes/class-wp-filesystem-direct.php on line 168
[09-Mar-2020 10:24:48 UTC] PHP Warning:  chmod(): No such file or directory in /var/www/filmypaathshaala.com/wp-admin/includes/class-wp-filesystem-direct.php on line 168
[09-Mar-2020 10:24:48 UTC] PHP Warning:  chmod(): No such file or directory in /var/www/filmypaathshaala.com/wp-admin/includes/class-wp-filesystem-direct.php on line 168
[09-Mar-2020 10:24:48 UTC] PHP Warning:  chmod(): No such file or directory in /var/www/filmypaathshaala.com/wp-admin/includes/class-wp-filesystem-direct.php on line 168
[09-Mar-2020 10:24:48 UTC] PHP Warning:  chmod(): No such file or directory in /var/www/filmypaathshaala.com/wp-admin/includes/class-wp-filesystem-direct.php on line 168
[09-Mar-2020 10:24:48 UTC] PHP Warning:  chmod(): No such file or directory in /var/www/filmypaathshaala.com/wp-admin/includes/class-wp-filesystem-direct.php on line 168
[09-Mar-2020 10:24:48 UTC] PHP Warning:  chmod(): No such file or directory in /var/www/filmypaathshaala.com/wp-admin/includes/class-wp-filesystem-direct.php on line 168
[09-Mar-2020 10:24:48 UTC] PHP Warning:  chmod(): No such file or directory in /var/www/filmypaathshaala.com/wp-admin/includes/class-wp-filesystem-direct.php on line 168
[09-Mar-2020 10:24:48 UTC] PHP Warning:  chmod(): No such file or directory in /var/www/filmypaathshaala.com/wp-admin/includes/class-wp-filesystem-direct.php on line 168
[09-Mar-2020 10:24:48 UTC] PHP Warning:  chmod(): No such file or directory in /var/www/filmypaathshaala.com/wp-admin/includes/class-wp-filesystem-direct.php on line 168
[09-Mar-2020 10:24:48 UTC] PHP Warning:  chmod(): No such file or directory in /var/www/filmypaathshaala.com/wp-admin/includes/class-wp-filesystem-direct.php on line 168
[09-Mar-2020 10:24:48 UTC] PHP Warning:  chmod(): No such file or directory in /var/www/filmypaathshaala.com/wp-admin/includes/class-wp-filesystem-direct.php on line 168
[09-Mar-2020 10:24:48 UTC] PHP Warning:  chmod(): No such file or directory in /var/www/filmypaathshaala.com/wp-admin/includes/class-wp-filesystem-direct.php on line 168
[09-Mar-2020 10:24:48 UTC] PHP Warning:  chmod(): No such file or directory in /var/www/filmypaathshaala.com/wp-admin/includes/class-wp-filesystem-direct.php on line 168
[09-Mar-2020 10:24:48 UTC] PHP Warning:  chmod(): No such file or directory in /var/www/filmypaathshaala.com/wp-admin/includes/class-wp-filesystem-direct.php on line 168
[09-Mar-2020 10:24:48 UTC] PHP Warning:  chmod(): No such file or directory in /var/www/filmypaathshaala.com/wp-admin/includes/class-wp-filesystem-direct.php on line 168
[09-Mar-2020 10:24:48 UTC] PHP Warning:  chmod(): No such file or directory in /var/www/filmypaathshaala.com/wp-admin/includes/class-wp-filesystem-direct.php on line 168
[09-Mar-2020 10:24:48 UTC] PHP Warning:  chmod(): No such file or directory in /var/www/filmypaathshaala.com/wp-admin/includes/class-wp-filesystem-direct.php on line 168
[09-Mar-2020 10:24:48 UTC] PHP Warning:  chmod(): No such file or directory in /var/www/filmypaathshaala.com/wp-admin/includes/class-wp-filesystem-direct.php on line 168
[09-Mar-2020 10:24:48 UTC] PHP Warning:  chmod(): No such file or directory in /var/www/filmypaathshaala.com/wp-admin/includes/class-wp-filesystem-direct.php on line 168
[09-Mar-2020 10:24:48 UTC] PHP Warning:  chmod(): No such file or directory in /var/www/filmypaathshaala.com/wp-admin/includes/class-wp-filesystem-direct.php on line 168
[09-Mar-2020 10:24:48 UTC] PHP Warning:  chmod(): No such file or directory in /var/www/filmypaathshaala.com/wp-admin/includes/class-wp-filesystem-direct.php on line 168
[09-Mar-2020 10:24:48 UTC] PHP Warning:  chmod(): No such file or directory in /var/www/filmypaathshaala.com/wp-admin/includes/class-wp-filesystem-direct.php on line 168
[09-Mar-2020 10:25:14 UTC] PHP Notice:  Undefined index: REDIRECT_URL in /var/www/filmypaathshaala.com/wp-content/themes/covermag/header.php on line 22
[09-Mar-2020 10:26:34 UTC] PHP Warning:  chmod(): No such file or directory in /var/www/filmypaathshaala.com/wp-admin/includes/class-wp-filesystem-direct.php on line 168
[09-Mar-2020 10:26:34 UTC] PHP Warning:  chmod(): No such file or directory in /var/www/filmypaathshaala.com/wp-admin/includes/class-wp-filesystem-direct.php on line 168
[09-Mar-2020 10:26:34 UTC] PHP Warning:  chmod(): No such file or directory in /var/www/filmypaathshaala.com/wp-admin/includes/class-wp-filesystem-direct.php on line 168
[09-Mar-2020 10:26:34 UTC] PHP Warning:  chmod(): No such file or directory in /var/www/filmypaathshaala.com/wp-admin/includes/class-wp-filesystem-direct.php on line 168
[09-Mar-2020 10:26:34 UTC] PHP Warning:  chmod(): No such file or directory in /var/www/filmypaathshaala.com/wp-admin/includes/class-wp-filesystem-direct.php on line 168
[09-Mar-2020 10:26:34 UTC] PHP Warning:  chmod(): No such file or directory in /var/www/filmypaathshaala.com/wp-admin/includes/class-wp-filesystem-direct.php on line 168
[09-Mar-2020 10:26:34 UTC] PHP Warning:  chmod(): No such file or directory in /var/www/filmypaathshaala.com/wp-admin/includes/class-wp-filesystem-direct.php on line 168
[09-Mar-2020 10:26:34 UTC] PHP Warning:  chmod(): No such file or directory in /var/www/filmypaathshaala.com/wp-admin/includes/class-wp-filesystem-direct.php on line 168
[09-Mar-2020 10:26:34 UTC] PHP Warning:  chmod(): No such file or directory in /var/www/filmypaathshaala.com/wp-admin/includes/class-wp-filesystem-direct.php on line 168
[09-Mar-2020 10:26:34 UTC] PHP Warning:  chmod(): No such file or directory in /var/www/filmypaathshaala.com/wp-admin/includes/class-wp-filesystem-direct.php on line 168
[09-Mar-2020 10:26:34 UTC] PHP Warning:  chmod(): No such file or directory in /var/www/filmypaathshaala.com/wp-admin/includes/class-wp-filesystem-direct.php on line 168
[09-Mar-2020 10:26:34 UTC] PHP Warning:  chmod(): No such file or directory in /var/www/filmypaathshaala.com/wp-admin/includes/class-wp-filesystem-direct.php on line 168
[09-Mar-2020 10:26:34 UTC] PHP Warning:  chmod(): No such file or directory in /var/www/filmypaathshaala.com/wp-admin/includes/class-wp-filesystem-direct.php on line 168
[09-Mar-2020 10:26:34 UTC] PHP Warning:  chmod(): No such file or directory in /var/www/filmypaathshaala.com/wp-admin/includes/class-wp-filesystem-direct.php on line 168
[09-Mar-2020 10:26:34 UTC] PHP Warning:  chmod(): No such file or directory in /var/www/filmypaathshaala.com/wp-admin/includes/class-wp-filesystem-direct.php on line 168
[09-Mar-2020 10:26:34 UTC] PHP Warning:  chmod(): No such file or directory in /var/www/filmypaathshaala.com/wp-admin/includes/class-wp-filesystem-direct.php on line 168
[09-Mar-2020 10:26:34 UTC] PHP Warning:  chmod(): No such file or directory in /var/www/filmypaathshaala.com/wp-admin/includes/class-wp-filesystem-direct.php on line 168
[09-Mar-2020 10:26:34 UTC] PHP Warning:  chmod(): No such file or directory in /var/www/filmypaathshaala.com/wp-admin/includes/class-wp-filesystem-direct.php on line 168
[09-Mar-2020 10:26:34 UTC] PHP Warning:  chmod(): No such file or directory in /var/www/filmypaathshaala.com/wp-admin/includes/class-wp-filesystem-direct.php on line 168
[09-Mar-2020 10:26:34 UTC] PHP Warning:  chmod(): No such file or directory in /var/www/filmypaathshaala.com/wp-admin/includes/class-wp-filesystem-direct.php on line 168
[09-Mar-2020 10:26:34 UTC] PHP Warning:  chmod(): No such file or directory in /var/www/filmypaathshaala.com/wp-admin/includes/class-wp-filesystem-direct.php on line 168
[09-Mar-2020 10:26:34 UTC] PHP Warning:  chmod(): No such file or directory in /var/www/filmypaathshaala.com/wp-admin/includes/class-wp-filesystem-direct.php on line 168
[09-Mar-2020 10:26:34 UTC] PHP Warning:  chmod(): No such file or directory in /var/www/filmypaathshaala.com/wp-admin/includes/class-wp-filesystem-direct.php on line 168
[09-Mar-2020 10:26:34 UTC] PHP Warning:  chmod(): No such file or directory in /var/www/filmypaathshaala.com/wp-admin/includes/class-wp-filesystem-direct.php on line 168
[09-Mar-2020 10:26:34 UTC] PHP Warning:  chmod(): No such file or directory in /var/www/filmypaathshaala.com/wp-admin/includes/class-wp-filesystem-direct.php on line 168
[09-Mar-2020 10:26:34 UTC] PHP Warning:  chmod(): Permission denied in /var/www/filmypaathshaala.com/wp-admin/includes/class-wp-filesystem-direct.php on line 168
[09-Mar-2020 10:26:34 UTC] PHP Warning:  chmod(): No such file or directory in /var/www/filmypaathshaala.com/wp-admin/includes/class-wp-filesystem-direct.php on line 168
[09-Mar-2020 10:26:34 UTC] PHP Warning:  chmod(): No such file or directory in /var/www/filmypaathshaala.com/wp-admin/includes/class-wp-filesystem-direct.php on line 168
[09-Mar-2020 10:26:34 UTC] PHP Warning:  chmod(): No such file or directory in /var/www/filmypaathshaala.com/wp-admin/includes/class-wp-filesystem-direct.php on line 168
[09-Mar-2020 10:26:34 UTC] PHP Warning:  chmod(): No such file or directory in /var/www/filmypaathshaala.com/wp-admin/includes/class-wp-filesystem-direct.php on line 168
[09-Mar-2020 10:26:34 UTC] PHP Warning:  chmod(): No such file or directory in /var/www/filmypaathshaala.com/wp-admin/includes/class-wp-filesystem-direct.php on line 168
[09-Mar-2020 10:26:34 UTC] PHP Warning:  chmod(): No such file or directory in /var/www/filmypaathshaala.com/wp-admin/includes/class-wp-filesystem-direct.php on line 168
[09-Mar-2020 10:26:34 UTC] PHP Warning:  chmod(): No such file or directory in /var/www/filmypaathshaala.com/wp-admin/includes/class-wp-filesystem-direct.php on line 168
[09-Mar-2020 10:26:34 UTC] PHP Warning:  chmod(): No such file or directory in /var/www/filmypaathshaala.com/wp-admin/includes/class-wp-filesystem-direct.php on line 168
[09-Mar-2020 10:26:34 UTC] PHP Warning:  chmod(): No such file or directory in /var/www/filmypaathshaala.com/wp-admin/includes/class-wp-filesystem-direct.php on line 168
[09-Mar-2020 10:26:34 UTC] PHP Warning:  chmod(): No such file or directory in /var/www/filmypaathshaala.com/wp-admin/includes/class-wp-filesystem-direct.php on line 168
[09-Mar-2020 10:26:34 UTC] PHP Warning:  chmod(): No such file or directory in /var/www/filmypaathshaala.com/wp-admin/includes/class-wp-filesystem-direct.php on line 168
[09-Mar-2020 10:26:34 UTC] PHP Warning:  chmod(): No such file or directory in /var/www/filmypaathshaala.com/wp-admin/includes/class-wp-filesystem-direct.php on line 168
[09-Mar-2020 10:26:34 UTC] PHP Warning:  chmod(): No such file or directory in /var/www/filmypaathshaala.com/wp-admin/includes/class-wp-filesystem-direct.php on line 168
[09-Mar-2020 10:26:34 UTC] PHP Warning:  chmod(): No such file or directory in /var/www/filmypaathshaala.com/wp-admin/includes/class-wp-filesystem-direct.php on line 168
[09-Mar-2020 10:26:34 UTC] PHP Warning:  chmod(): No such file or directory in /var/www/filmypaathshaala.com/wp-admin/includes/class-wp-filesystem-direct.php on line 168
[09-Mar-2020 10:26:34 UTC] PHP Warning:  chmod(): No such file or directory in /var/www/filmypaathshaala.com/wp-admin/includes/class-wp-filesystem-direct.php on line 168
[09-Mar-2020 10:26:34 UTC] PHP Warning:  chmod(): No such file or directory in /var/www/filmypaathshaala.com/wp-admin/includes/class-wp-filesystem-direct.php on line 168
[09-Mar-2020 10:26:34 UTC] PHP Warning:  chmod(): No such file or directory in /var/www/filmypaathshaala.com/wp-admin/includes/class-wp-filesystem-direct.php on line 168
[09-Mar-2020 10:26:34 UTC] PHP Warning:  chmod(): No such file or directory in /var/www/filmypaathshaala.com/wp-admin/includes/class-wp-filesystem-direct.php on line 168
[09-Mar-2020 10:26:34 UTC] PHP Warning:  chmod(): No such file or directory in /var/www/filmypaathshaala.com/wp-admin/includes/class-wp-filesystem-direct.php on line 168
[09-Mar-2020 10:26:34 UTC] PHP Warning:  chmod(): No such file or directory in /var/www/filmypaathshaala.com/wp-admin/includes/class-wp-filesystem-direct.php on line 168
[09-Mar-2020 10:26:34 UTC] PHP Warning:  chmod(): No such file or directory in /var/www/filmypaathshaala.com/wp-admin/includes/class-wp-filesystem-direct.php on line 168
[09-Mar-2020 10:26:34 UTC] PHP Warning:  chmod(): No such file or directory in /var/www/filmypaathshaala.com/wp-admin/includes/class-wp-filesystem-direct.php on line 168
[09-Mar-2020 10:26:43 UTC] WordPress database error DROP command denied to user 'filmy.com'@'localhost' for table 'wp_wfbadleechers' for query DROP TABLE IF EXISTS wp_wfbadleechers made by require('wp-blog-header.php'), require_once('wp-load.php'), require_once('wp-config.php'), require_once('wp-settings.php'), include_once('/plugins/wordfence/wordfence.php'), wordfence::install_actions, wordfence::runInstall, wfSchema->drop, wfDB->queryWrite
[09-Mar-2020 10:26:43 UTC] WordPress database error DROP command denied to user 'filmy.com'@'localhost' for table 'wp_wfBadLeechers' for query DROP TABLE IF EXISTS wp_wfBadLeechers made by require('wp-blog-header.php'), require_once('wp-load.php'), require_once('wp-config.php'), require_once('wp-settings.php'), include_once('/plugins/wordfence/wordfence.php'), wordfence::install_actions, wordfence::runInstall, wfSchema->drop, wfDB->queryWrite
[09-Mar-2020 10:26:43 UTC] WordPress database error DROP command denied to user 'filmy.com'@'localhost' for table 'wp_wfblockedcommentlog' for query DROP TABLE IF EXISTS wp_wfblockedcommentlog made by require('wp-blog-header.php'), require_once('wp-load.php'), require_once('wp-config.php'), require_once('wp-settings.php'), include_once('/plugins/wordfence/wordfence.php'), wordfence::install_actions, wordfence::runInstall, wfSchema->drop, wfDB->queryWrite
[09-Mar-2020 10:26:43 UTC] WordPress database error DROP command denied to user 'filmy.com'@'localhost' for table 'wp_wfBlockedCommentLog' for query DROP TABLE IF EXISTS wp_wfBlockedCommentLog made by require('wp-blog-header.php'), require_once('wp-load.php'), require_once('wp-config.php'), require_once('wp-settings.php'), include_once('/plugins/wordfence/wordfence.php'), wordfence::install_actions, wordfence::runInstall, wfSchema->drop, wfDB->queryWrite
[09-Mar-2020 10:26:43 UTC] WordPress database error DROP command denied to user 'filmy.com'@'localhost' for table 'wp_wfblocks' for query DROP TABLE IF EXISTS wp_wfblocks made by require('wp-blog-header.php'), require_once('wp-load.php'), require_once('wp-config.php'), require_once('wp-settings.php'), include_once('/plugins/wordfence/wordfence.php'), wordfence::install_actions, wordfence::runInstall, wfSchema->drop, wfDB->queryWrite
[09-Mar-2020 10:26:43 UTC] WordPress database error DROP command denied to user 'filmy.com'@'localhost' for table 'wp_wfBlocks' for query DROP TABLE IF EXISTS wp_wfBlocks made by require('wp-blog-header.php'), require_once('wp-load.php'), require_once('wp-config.php'), require_once('wp-settings.php'), include_once('/plugins/wordfence/wordfence.php'), wordfence::install_actions, wordfence::runInstall, wfSchema->drop, wfDB->queryWrite
[09-Mar-2020 10:26:43 UTC] WordPress database error DROP command denied to user 'filmy.com'@'localhost' for table 'wp_wfblocksadv' for query DROP TABLE IF EXISTS wp_wfblocksadv made by require('wp-blog-header.php'), require_once('wp-load.php'), require_once('wp-config.php'), require_once('wp-settings.php'), include_once('/plugins/wordfence/wordfence.php'), wordfence::install_actions, wordfence::runInstall, wfSchema->drop, wfDB->queryWrite
[09-Mar-2020 10:26:43 UTC] WordPress database error DROP command denied to user 'filmy.com'@'localhost' for table 'wp_wfBlocksAdv' for query DROP TABLE IF EXISTS wp_wfBlocksAdv made by require('wp-blog-header.php'), require_once('wp-load.php'), require_once('wp-config.php'), require_once('wp-settings.php'), include_once('/plugins/wordfence/wordfence.php'), wordfence::install_actions, wordfence::runInstall, wfSchema->drop, wfDB->queryWrite
[09-Mar-2020 10:26:43 UTC] WordPress database error DROP command denied to user 'filmy.com'@'localhost' for table 'wp_wfleechers' for query DROP TABLE IF EXISTS wp_wfleechers made by require('wp-blog-header.php'), require_once('wp-load.php'), require_once('wp-config.php'), require_once('wp-settings.php'), include_once('/plugins/wordfence/wordfence.php'), wordfence::install_actions, wordfence::runInstall, wfSchema->drop, wfDB->queryWrite
[09-Mar-2020 10:26:43 UTC] WordPress database error DROP command denied to user 'filmy.com'@'localhost' for table 'wp_wfLeechers' for query DROP TABLE IF EXISTS wp_wfLeechers made by require('wp-blog-header.php'), require_once('wp-load.php'), require_once('wp-config.php'), require_once('wp-settings.php'), include_once('/plugins/wordfence/wordfence.php'), wordfence::install_actions, wordfence::runInstall, wfSchema->drop, wfDB->queryWrite
[09-Mar-2020 10:26:43 UTC] WordPress database error DROP command denied to user 'filmy.com'@'localhost' for table 'wp_wflockedout' for query DROP TABLE IF EXISTS wp_wflockedout made by require('wp-blog-header.php'), require_once('wp-load.php'), require_once('wp-config.php'), require_once('wp-settings.php'), include_once('/plugins/wordfence/wordfence.php'), wordfence::install_actions, wordfence::runInstall, wfSchema->drop, wfDB->queryWrite
[09-Mar-2020 10:26:43 UTC] WordPress database error DROP command denied to user 'filmy.com'@'localhost' for table 'wp_wfLockedOut' for query DROP TABLE IF EXISTS wp_wfLockedOut made by require('wp-blog-header.php'), require_once('wp-load.php'), require_once('wp-config.php'), require_once('wp-settings.php'), include_once('/plugins/wordfence/wordfence.php'), wordfence::install_actions, wordfence::runInstall, wfSchema->drop, wfDB->queryWrite
[09-Mar-2020 10:26:43 UTC] WordPress database error DROP command denied to user 'filmy.com'@'localhost' for table 'wp_wfnet404s' for query DROP TABLE IF EXISTS wp_wfnet404s made by require('wp-blog-header.php'), require_once('wp-load.php'), require_once('wp-config.php'), require_once('wp-settings.php'), include_once('/plugins/wordfence/wordfence.php'), wordfence::install_actions, wordfence::runInstall, wfSchema->drop, wfDB->queryWrite
[09-Mar-2020 10:26:43 UTC] WordPress database error DROP command denied to user 'filmy.com'@'localhost' for table 'wp_wfNet404s' for query DROP TABLE IF EXISTS wp_wfNet404s made by require('wp-blog-header.php'), require_once('wp-load.php'), require_once('wp-config.php'), require_once('wp-settings.php'), include_once('/plugins/wordfence/wordfence.php'), wordfence::install_actions, wordfence::runInstall, wfSchema->drop, wfDB->queryWrite
[09-Mar-2020 10:26:43 UTC] WordPress database error DROP command denied to user 'filmy.com'@'localhost' for table 'wp_wfscanners' for query DROP TABLE IF EXISTS wp_wfscanners made by require('wp-blog-header.php'), require_once('wp-load.php'), require_once('wp-config.php'), require_once('wp-settings.php'), include_once('/plugins/wordfence/wordfence.php'), wordfence::install_actions, wordfence::runInstall, wfSchema->drop, wfDB->queryWrite
[09-Mar-2020 10:26:43 UTC] WordPress database error DROP command denied to user 'filmy.com'@'localhost' for table 'wp_wfScanners' for query DROP TABLE IF EXISTS wp_wfScanners made by require('wp-blog-header.php'), require_once('wp-load.php'), require_once('wp-config.php'), require_once('wp-settings.php'), include_once('/plugins/wordfence/wordfence.php'), wordfence::install_actions, wordfence::runInstall, wfSchema->drop, wfDB->queryWrite
[09-Mar-2020 10:26:43 UTC] WordPress database error DROP command denied to user 'filmy.com'@'localhost' for table 'wp_wfthrottlelog' for query DROP TABLE IF EXISTS wp_wfthrottlelog made by require('wp-blog-header.php'), require_once('wp-load.php'), require_once('wp-config.php'), require_once('wp-settings.php'), include_once('/plugins/wordfence/wordfence.php'), wordfence::install_actions, wordfence::runInstall, wfSchema->drop, wfDB->queryWrite
[09-Mar-2020 10:26:43 UTC] WordPress database error DROP command denied to user 'filmy.com'@'localhost' for table 'wp_wfThrottleLog' for query DROP TABLE IF EXISTS wp_wfThrottleLog made by require('wp-blog-header.php'), require_once('wp-load.php'), require_once('wp-config.php'), require_once('wp-settings.php'), include_once('/plugins/wordfence/wordfence.php'), wordfence::install_actions, wordfence::runInstall, wfSchema->drop, wfDB->queryWrite
[09-Mar-2020 10:26:43 UTC] WordPress database error DROP command denied to user 'filmy.com'@'localhost' for table 'wp_wfvulnscanners' for query DROP TABLE IF EXISTS wp_wfvulnscanners made by require('wp-blog-header.php'), require_once('wp-load.php'), require_once('wp-config.php'), require_once('wp-settings.php'), include_once('/plugins/wordfence/wordfence.php'), wordfence::install_actions, wordfence::runInstall, wfSchema->drop, wfDB->queryWrite
[09-Mar-2020 10:26:43 UTC] WordPress database error DROP command denied to user 'filmy.com'@'localhost' for table 'wp_wfVulnScanners' for query DROP TABLE IF EXISTS wp_wfVulnScanners made by require('wp-blog-header.php'), require_once('wp-load.php'), require_once('wp-config.php'), require_once('wp-settings.php'), include_once('/plugins/wordfence/wordfence.php'), wordfence::install_actions, wordfence::runInstall, wfSchema->drop, wfDB->queryWrite
[09-Mar-2020 10:27:15 UTC] WordPress database error DROP command denied to user 'filmy.com'@'localhost' for table 'wp_wfhoover' for query truncate table wp_wfhoover made by do_action('wp_ajax_nopriv_wordfence_doScan'), WP_Hook->do_action, WP_Hook->apply_filters, wordfence::ajax_doScan_callback, wfScan::wfScanMain, wfUtils::clearScanLock, wfDB->truncate, wfDB->queryWrite
[09-Mar-2020 10:29:58 UTC] PHP Warning:  chmod(): No such file or directory in /var/www/filmypaathshaala.com/wp-admin/includes/class-wp-filesystem-direct.php on line 168
[09-Mar-2020 10:29:58 UTC] PHP Warning:  chmod(): No such file or directory in /var/www/filmypaathshaala.com/wp-admin/includes/class-wp-filesystem-direct.php on line 168
[09-Mar-2020 10:29:58 UTC] PHP Warning:  chmod(): No such file or directory in /var/www/filmypaathshaala.com/wp-admin/includes/class-wp-filesystem-direct.php on line 168
[09-Mar-2020 10:29:58 UTC] PHP Warning:  chmod(): No such file or directory in /var/www/filmypaathshaala.com/wp-admin/includes/class-wp-filesystem-direct.php on line 168
[09-Mar-2020 10:29:58 UTC] PHP Warning:  chmod(): No such file or directory in /var/www/filmypaathshaala.com/wp-admin/includes/class-wp-filesystem-direct.php on line 168
[09-Mar-2020 10:29:58 UTC] PHP Warning:  chmod(): No such file or directory in /var/www/filmypaathshaala.com/wp-admin/includes/class-wp-filesystem-direct.php on line 168
[09-Mar-2020 10:29:58 UTC] PHP Warning:  chmod(): No such file or directory in /var/www/filmypaathshaala.com/wp-admin/includes/class-wp-filesystem-direct.php on line 168
[09-Mar-2020 10:29:58 UTC] PHP Warning:  chmod(): No such file or directory in /var/www/filmypaathshaala.com/wp-admin/includes/class-wp-filesystem-direct.php on line 168
[09-Mar-2020 10:29:58 UTC] PHP Warning:  chmod(): No such file or directory in /var/www/filmypaathshaala.com/wp-admin/includes/class-wp-filesystem-direct.php on line 168
[09-Mar-2020 10:29:58 UTC] PHP Warning:  chmod(): No such file or directory in /var/www/filmypaathshaala.com/wp-admin/includes/class-wp-filesystem-direct.php on line 168
[09-Mar-2020 10:29:58 UTC] PHP Warning:  chmod(): No such file or directory in /var/www/filmypaathshaala.com/wp-admin/includes/class-wp-filesystem-direct.php on line 168
[09-Mar-2020 10:29:58 UTC] PHP Warning:  chmod(): No such file or directory in /var/www/filmypaathshaala.com/wp-admin/includes/class-wp-filesystem-direct.php on line 168
[09-Mar-2020 10:29:58 UTC] PHP Warning:  chmod(): No such file or directory in /var/www/filmypaathshaala.com/wp-admin/includes/class-wp-filesystem-direct.php on line 168
[09-Mar-2020 10:29:58 UTC] PHP Warning:  chmod(): No such file or directory in /var/www/filmypaathshaala.com/wp-admin/includes/class-wp-filesystem-direct.php on line 168
[09-Mar-2020 10:29:58 UTC] PHP Warning:  chmod(): No such file or directory in /var/www/filmypaathshaala.com/wp-admin/includes/class-wp-filesystem-direct.php on line 168
[09-Mar-2020 10:29:58 UTC] PHP Warning:  chmod(): No such file or directory in /var/www/filmypaathshaala.com/wp-admin/includes/class-wp-filesystem-direct.php on line 168
[09-Mar-2020 10:29:58 UTC] PHP Warning:  chmod(): No such file or directory in /var/www/filmypaathshaala.com/wp-admin/includes/class-wp-filesystem-direct.php on line 168
[09-Mar-2020 10:29:58 UTC] PHP Warning:  chmod(): No such file or directory in /var/www/filmypaathshaala.com/wp-admin/includes/class-wp-filesystem-direct.php on line 168
[09-Mar-2020 10:29:58 UTC] PHP Warning:  chmod(): No such file or directory in /var/www/filmypaathshaala.com/wp-admin/includes/class-wp-filesystem-direct.php on line 168
[09-Mar-2020 10:29:58 UTC] PHP Warning:  chmod(): No such file or directory in /var/www/filmypaathshaala.com/wp-admin/includes/class-wp-filesystem-direct.php on line 168
[09-Mar-2020 10:29:58 UTC] PHP Warning:  chmod(): No such file or directory in /var/www/filmypaathshaala.com/wp-admin/includes/class-wp-filesystem-direct.php on line 168
[09-Mar-2020 10:29:58 UTC] PHP Warning:  chmod(): No such file or directory in /var/www/filmypaathshaala.com/wp-admin/includes/class-wp-filesystem-direct.php on line 168
[09-Mar-2020 10:29:58 UTC] PHP Warning:  chmod(): No such file or directory in /var/www/filmypaathshaala.com/wp-admin/includes/class-wp-filesystem-direct.php on line 168
[09-Mar-2020 10:29:58 UTC] PHP Warning:  chmod(): No such file or directory in /var/www/filmypaathshaala.com/wp-admin/includes/class-wp-filesystem-direct.php on line 168
[09-Mar-2020 10:29:58 UTC] PHP Warning:  chmod(): No such file or directory in /var/www/filmypaathshaala.com/wp-admin/includes/class-wp-filesystem-direct.php on line 168
[09-Mar-2020 10:29:58 UTC] PHP Warning:  chmod(): Permission denied in /var/www/filmypaathshaala.com/wp-admin/includes/class-wp-filesystem-direct.php on line 168
[09-Mar-2020 10:29:58 UTC] PHP Warning:  chmod(): No such file or directory in /var/www/filmypaathshaala.com/wp-admin/includes/class-wp-filesystem-direct.php on line 168
[09-Mar-2020 10:29:58 UTC] PHP Warning:  chmod(): No such file or directory in /var/www/filmypaathshaala.com/wp-admin/includes/class-wp-filesystem-direct.php on line 168
[09-Mar-2020 10:29:58 UTC] PHP Warning:  chmod(): No such file or directory in /var/www/filmypaathshaala.com/wp-admin/includes/class-wp-filesystem-direct.php on line 168
[09-Mar-2020 10:29:58 UTC] PHP Warning:  chmod(): No such file or directory in /var/www/filmypaathshaala.com/wp-admin/includes/class-wp-filesystem-direct.php on line 168
[09-Mar-2020 10:29:58 UTC] PHP Warning:  chmod(): No such file or directory in /var/www/filmypaathshaala.com/wp-admin/includes/class-wp-filesystem-direct.php on line 168
[09-Mar-2020 10:29:58 UTC] PHP Warning:  chmod(): No such file or directory in /var/www/filmypaathshaala.com/wp-admin/includes/class-wp-filesystem-direct.php on line 168
[09-Mar-2020 10:29:58 UTC] PHP Warning:  chmod(): No such file or directory in /var/www/filmypaathshaala.com/wp-admin/includes/class-wp-filesystem-direct.php on line 168
[09-Mar-2020 10:29:58 UTC] PHP Warning:  chmod(): No such file or directory in /var/www/filmypaathshaala.com/wp-admin/includes/class-wp-filesystem-direct.php on line 168
[09-Mar-2020 10:29:58 UTC] PHP Warning:  chmod(): No such file or directory in /var/www/filmypaathshaala.com/wp-admin/includes/class-wp-filesystem-direct.php on line 168
[09-Mar-2020 10:29:58 UTC] PHP Warning:  chmod(): No such file or directory in /var/www/filmypaathshaala.com/wp-admin/includes/class-wp-filesystem-direct.php on line 168
[09-Mar-2020 10:29:58 UTC] PHP Warning:  chmod(): No such file or directory in /var/www/filmypaathshaala.com/wp-admin/includes/class-wp-filesystem-direct.php on line 168
[09-Mar-2020 10:29:58 UTC] PHP Warning:  chmod(): No such file or directory in /var/www/filmypaathshaala.com/wp-admin/includes/class-wp-filesystem-direct.php on line 168
[09-Mar-2020 10:29:58 UTC] PHP Warning:  chmod(): No such file or directory in /var/www/filmypaathshaala.com/wp-admin/includes/class-wp-filesystem-direct.php on line 168
[09-Mar-2020 10:29:58 UTC] PHP Warning:  chmod(): No such file or directory in /var/www/filmypaathshaala.com/wp-admin/includes/class-wp-filesystem-direct.php on line 168
[09-Mar-2020 10:29:58 UTC] PHP Warning:  chmod(): No such file or directory in /var/www/filmypaathshaala.com/wp-admin/includes/class-wp-filesystem-direct.php on line 168
[09-Mar-2020 10:29:58 UTC] PHP Warning:  chmod(): No such file or directory in /var/www/filmypaathshaala.com/wp-admin/includes/class-wp-filesystem-direct.php on line 168
[09-Mar-2020 10:29:58 UTC] PHP Warning:  chmod(): No such file or directory in /var/www/filmypaathshaala.com/wp-admin/includes/class-wp-filesystem-direct.php on line 168
[09-Mar-2020 10:29:58 UTC] PHP Warning:  chmod(): No such file or directory in /var/www/filmypaathshaala.com/wp-admin/includes/class-wp-filesystem-direct.php on line 168
[09-Mar-2020 10:29:58 UTC] PHP Warning:  chmod(): No such file or directory in /var/www/filmypaathshaala.com/wp-admin/includes/class-wp-filesystem-direct.php on line 168
[09-Mar-2020 10:29:58 UTC] PHP Warning:  chmod(): No such file or directory in /var/www/filmypaathshaala.com/wp-admin/includes/class-wp-filesystem-direct.php on line 168
[09-Mar-2020 10:29:58 UTC] PHP Warning:  chmod(): No such file or directory in /var/www/filmypaathshaala.com/wp-admin/includes/class-wp-filesystem-direct.php on line 168
[09-Mar-2020 10:29:58 UTC] PHP Warning:  chmod(): No such file or directory in /var/www/filmypaathshaala.com/wp-admin/includes/class-wp-filesystem-direct.php on line 168
[09-Mar-2020 10:29:58 UTC] PHP Warning:  chmod(): No such file or directory in /var/www/filmypaathshaala.com/wp-admin/includes/class-wp-filesystem-direct.php on line 168
[09-Mar-2020 10:31:06 UTC] PHP Warning:  chmod(): No such file or directory in /var/www/filmypaathshaala.com/wp-admin/includes/class-wp-filesystem-direct.php on line 168
[09-Mar-2020 10:31:06 UTC] PHP Warning:  chmod(): No such file or directory in /var/www/filmypaathshaala.com/wp-admin/includes/class-wp-filesystem-direct.php on line 168
[09-Mar-2020 10:31:06 UTC] PHP Warning:  chmod(): No such file or directory in /var/www/filmypaathshaala.com/wp-admin/includes/class-wp-filesystem-direct.php on line 168
[09-Mar-2020 10:31:06 UTC] PHP Warning:  chmod(): No such file or directory in /var/www/filmypaathshaala.com/wp-admin/includes/class-wp-filesystem-direct.php on line 168
[09-Mar-2020 10:31:06 UTC] PHP Warning:  chmod(): No such file or directory in /var/www/filmypaathshaala.com/wp-admin/includes/class-wp-filesystem-direct.php on line 168
[09-Mar-2020 10:31:06 UTC] PHP Warning:  chmod(): No such file or directory in /var/www/filmypaathshaala.com/wp-admin/includes/class-wp-filesystem-direct.php on line 168
[09-Mar-2020 10:31:06 UTC] PHP Warning:  chmod(): No such file or directory in /var/www/filmypaathshaala.com/wp-admin/includes/class-wp-filesystem-direct.php on line 168
[09-Mar-2020 10:31:06 UTC] PHP Warning:  chmod(): No such file or directory in /var/www/filmypaathshaala.com/wp-admin/includes/class-wp-filesystem-direct.php on line 168
[09-Mar-2020 10:31:06 UTC] PHP Warning:  chmod(): No such file or directory in /var/www/filmypaathshaala.com/wp-admin/includes/class-wp-filesystem-direct.php on line 168
[09-Mar-2020 10:31:06 UTC] PHP Warning:  chmod(): No such file or directory in /var/www/filmypaathshaala.com/wp-admin/includes/class-wp-filesystem-direct.php on line 168
[09-Mar-2020 10:31:06 UTC] PHP Warning:  chmod(): No such file or directory in /var/www/filmypaathshaala.com/wp-admin/includes/class-wp-filesystem-direct.php on line 168
[09-Mar-2020 10:31:06 UTC] PHP Warning:  chmod(): No such file or directory in /var/www/filmypaathshaala.com/wp-admin/includes/class-wp-filesystem-direct.php on line 168
[09-Mar-2020 10:31:06 UTC] PHP Warning:  chmod(): No such file or directory in /var/www/filmypaathshaala.com/wp-admin/includes/class-wp-filesystem-direct.php on line 168
[09-Mar-2020 10:31:06 UTC] PHP Warning:  chmod(): No such file or directory in /var/www/filmypaathshaala.com/wp-admin/includes/class-wp-filesystem-direct.php on line 168
[09-Mar-2020 10:31:06 UTC] PHP Warning:  chmod(): No such file or directory in /var/www/filmypaathshaala.com/wp-admin/includes/class-wp-filesystem-direct.php on line 168
[09-Mar-2020 10:31:06 UTC] PHP Warning:  chmod(): No such file or directory in /var/www/filmypaathshaala.com/wp-admin/includes/class-wp-filesystem-direct.php on line 168
[09-Mar-2020 10:31:06 UTC] PHP Warning:  chmod(): No such file or directory in /var/www/filmypaathshaala.com/wp-admin/includes/class-wp-filesystem-direct.php on line 168
[09-Mar-2020 10:31:06 UTC] PHP Warning:  chmod(): No such file or directory in /var/www/filmypaathshaala.com/wp-admin/includes/class-wp-filesystem-direct.php on line 168
[09-Mar-2020 10:31:06 UTC] PHP Warning:  chmod(): No such file or directory in /var/www/filmypaathshaala.com/wp-admin/includes/class-wp-filesystem-direct.php on line 168
[09-Mar-2020 10:31:06 UTC] PHP Warning:  chmod(): No such file or directory in /var/www/filmypaathshaala.com/wp-admin/includes/class-wp-filesystem-direct.php on line 168
[09-Mar-2020 10:31:06 UTC] PHP Warning:  chmod(): No such file or directory in /var/www/filmypaathshaala.com/wp-admin/includes/class-wp-filesystem-direct.php on line 168
[09-Mar-2020 10:31:06 UTC] PHP Warning:  chmod(): No such file or directory in /var/www/filmypaathshaala.com/wp-admin/includes/class-wp-filesystem-direct.php on line 168
[09-Mar-2020 10:31:06 UTC] PHP Warning:  chmod(): No such file or directory in /var/www/filmypaathshaala.com/wp-admin/includes/class-wp-filesystem-direct.php on line 168
[09-Mar-2020 10:31:06 UTC] PHP Warning:  chmod(): No such file or directory in /var/www/filmypaathshaala.com/wp-admin/includes/class-wp-filesystem-direct.php on line 168
[09-Mar-2020 10:31:06 UTC] PHP Warning:  chmod(): No such file or directory in /var/www/filmypaathshaala.com/wp-admin/includes/class-wp-filesystem-direct.php on line 168
[09-Mar-2020 10:31:06 UTC] PHP Warning:  chmod(): Permission denied in /var/www/filmypaathshaala.com/wp-admin/includes/class-wp-filesystem-direct.php on line 168
[09-Mar-2020 10:31:06 UTC] PHP Warning:  chmod(): No such file or directory in /var/www/filmypaathshaala.com/wp-admin/includes/class-wp-filesystem-direct.php on line 168
[09-Mar-2020 10:31:06 UTC] PHP Warning:  chmod(): No such file or directory in /var/www/filmypaathshaala.com/wp-admin/includes/class-wp-filesystem-direct.php on line 168
[09-Mar-2020 10:31:06 UTC] PHP Warning:  chmod(): No such file or directory in /var/www/filmypaathshaala.com/wp-admin/includes/class-wp-filesystem-direct.php on line 168
[09-Mar-2020 10:31:06 UTC] PHP Warning:  chmod(): No such file or directory in /var/www/filmypaathshaala.com/wp-admin/includes/class-wp-filesystem-direct.php on line 168
[09-Mar-2020 10:31:06 UTC] PHP Warning:  chmod(): No such file or directory in /var/www/filmypaathshaala.com/wp-admin/includes/class-wp-filesystem-direct.php on line 168
[09-Mar-2020 10:31:06 UTC] PHP Warning:  chmod(): No such file or directory in /var/www/filmypaathshaala.com/wp-admin/includes/class-wp-filesystem-direct.php on line 168
[09-Mar-2020 10:31:06 UTC] PHP Warning:  chmod(): No such file or directory in /var/www/filmypaathshaala.com/wp-admin/includes/class-wp-filesystem-direct.php on line 168
[09-Mar-2020 10:31:06 UTC] PHP Warning:  chmod(): No such file or directory in /var/www/filmypaathshaala.com/wp-admin/includes/class-wp-filesystem-direct.php on line 168
[09-Mar-2020 10:31:06 UTC] PHP Warning:  chmod(): No such file or directory in /var/www/filmypaathshaala.com/wp-admin/includes/class-wp-filesystem-direct.php on line 168
[09-Mar-2020 10:31:06 UTC] PHP Warning:  chmod(): No such file or directory in /var/www/filmypaathshaala.com/wp-admin/includes/class-wp-filesystem-direct.php on line 168
[09-Mar-2020 10:31:06 UTC] PHP Warning:  chmod(): No such file or directory in /var/www/filmypaathshaala.com/wp-admin/includes/class-wp-filesystem-direct.php on line 168
[09-Mar-2020 10:31:06 UTC] PHP Warning:  chmod(): No such file or directory in /var/www/filmypaathshaala.com/wp-admin/includes/class-wp-filesystem-direct.php on line 168
[09-Mar-2020 10:31:06 UTC] PHP Warning:  chmod(): No such file or directory in /var/www/filmypaathshaala.com/wp-admin/includes/class-wp-filesystem-direct.php on line 168
[09-Mar-2020 10:31:06 UTC] PHP Warning:  chmod(): No such file or directory in /var/www/filmypaathshaala.com/wp-admin/includes/class-wp-filesystem-direct.php on line 168
[09-Mar-2020 10:31:06 UTC] PHP Warning:  chmod(): No such file or directory in /var/www/filmypaathshaala.com/wp-admin/includes/class-wp-filesystem-direct.php on line 168
[09-Mar-2020 10:31:06 UTC] PHP Warning:  chmod(): No such file or directory in /var/www/filmypaathshaala.com/wp-admin/includes/class-wp-filesystem-direct.php on line 168
[09-Mar-2020 10:31:06 UTC] PHP Warning:  chmod(): No such file or directory in /var/www/filmypaathshaala.com/wp-admin/includes/class-wp-filesystem-direct.php on line 168
[09-Mar-2020 10:31:06 UTC] PHP Warning:  chmod(): No such file or directory in /var/www/filmypaathshaala.com/wp-admin/includes/class-wp-filesystem-direct.php on line 168
[09-Mar-2020 10:31:06 UTC] PHP Warning:  chmod(): No such file or directory in /var/www/filmypaathshaala.com/wp-admin/includes/class-wp-filesystem-direct.php on line 168
[09-Mar-2020 10:31:06 UTC] PHP Warning:  chmod(): No such file or directory in /var/www/filmypaathshaala.com/wp-admin/includes/class-wp-filesystem-direct.php on line 168
[09-Mar-2020 10:31:06 UTC] PHP Warning:  chmod(): No such file or directory in /var/www/filmypaathshaala.com/wp-admin/includes/class-wp-filesystem-direct.php on line 168
[09-Mar-2020 10:31:06 UTC] PHP Warning:  chmod(): No such file or directory in /var/www/filmypaathshaala.com/wp-admin/includes/class-wp-filesystem-direct.php on line 168
[09-Mar-2020 10:31:06 UTC] PHP Warning:  chmod(): No such file or directory in /var/www/filmypaathshaala.com/wp-admin/includes/class-wp-filesystem-direct.php on line 168
